0 info it worked if it ends with ok
1 verbose cli [ '/home/filipe/.nvm/versions/node/v6.13.0/bin/node',
1 verbose cli   '/home/filipe/.nvm/versions/node/v6.13.0/bin/npm',
1 verbose cli   'run',
1 verbose cli   'dev' ]
2 info using npm@3.10.10
3 info using node@v6.13.0
4 verbose run-script [ 'predev', 'dev', 'postdev' ]
5 info lifecycle myMoneyFrontend@1.0.0~predev: myMoneyFrontend@1.0.0
6 silly lifecycle myMoneyFrontend@1.0.0~predev: no script for predev, continuing
7 info lifecycle myMoneyFrontend@1.0.0~dev: myMoneyFrontend@1.0.0
8 verbose lifecycle myMoneyFrontend@1.0.0~dev: unsafe-perm in lifecycle true
9 verbose lifecycle myMoneyFrontend@1.0.0~dev: PATH: /home/filipe/.nvm/versions/node/v6.13.0/lib/node_modules/npm/bin/node-gyp-bin:/home/filipe/Sites/curso_react_web/myMoneyApp/frontend/node_modules/.bin:/home/filipe/.local/share/umake/bin:/home/filipe/.local/share/umake/bin:/home/filipe/.nvm/versions/node/v6.13.0/bin:/home/filipe/.local/share/umake/bin:/usr/local/bin:/usr/local/sbin:/usr/bin:/opt/android-sdk/platform-tools:/opt/android-sdk/tools:/opt/android-sdk/tools/bin:/usr/lib/jvm/default/bin:/usr/bin/site_perl:/usr/bin/vendor_perl:/usr/bin/core_perl:/opt/android-sdk/platform-tools:/opt/android-sdk/tools:/opt/android-sdk/tools/bin:/usr/lib/jvm/default/bin:/usr/bin/site_perl:/usr/bin/vendor_perl:/usr/bin/core_perl:/opt/android-sdk/platform-tools:/opt/android-sdk/tools:/opt/android-sdk/tools/bin:/usr/lib/jvm/default/bin:/usr/bin/site_perl:/usr/bin/vendor_perl:/usr/bin/core_perl
10 verbose lifecycle myMoneyFrontend@1.0.0~dev: CWD: /home/filipe/Sites/curso_react_web/myMoneyApp/frontend
11 silly lifecycle myMoneyFrontend@1.0.0~dev: Args: [ '-c',
11 silly lifecycle   'webpack-dev-server --progress --colors --inline --hot' ]
12 silly lifecycle myMoneyFrontend@1.0.0~dev: Returned: code: 1  signal: null
13 info lifecycle myMoneyFrontend@1.0.0~dev: Failed to exec dev script
14 verbose stack Error: myMoneyFrontend@1.0.0 dev: `webpack-dev-server --progress --colors --inline --hot`
14 verbose stack Exit status 1
14 verbose stack     at EventEmitter.<anonymous> (/home/filipe/.nvm/versions/node/v6.13.0/lib/node_modules/npm/lib/utils/lifecycle.js:255:16)
14 verbose stack     at emitTwo (events.js:106:13)
14 verbose stack     at EventEmitter.emit (events.js:191:7)
14 verbose stack     at ChildProcess.<anonymous> (/home/filipe/.nvm/versions/node/v6.13.0/lib/node_modules/npm/lib/utils/spawn.js:40:14)
14 verbose stack     at emitTwo (events.js:106:13)
14 verbose stack     at ChildProcess.emit (events.js:191:7)
14 verbose stack     at maybeClose (internal/child_process.js:920:16)
14 verbose stack     at Process.ChildProcess._handle.onexit (internal/child_process.js:230:5)
15 verbose pkgid myMoneyFrontend@1.0.0
16 verbose cwd /home/filipe/Sites/curso_react_web/myMoneyApp/frontend
17 error Linux 4.14.13-1-ARCH
18 error argv "/home/filipe/.nvm/versions/node/v6.13.0/bin/node" "/home/filipe/.nvm/versions/node/v6.13.0/bin/npm" "run" "dev"
19 error node v6.13.0
20 error npm  v3.10.10
21 error code ELIFECYCLE
22 error myMoneyFrontend@1.0.0 dev: `webpack-dev-server --progress --colors --inline --hot`
22 error Exit status 1
23 error Failed at the myMoneyFrontend@1.0.0 dev script 'webpack-dev-server --progress --colors --inline --hot'.
23 error Make sure you have the latest version of node.js and npm installed.
23 error If you do, this is most likely a problem with the myMoneyFrontend package,
23 error not with npm itself.
23 error Tell the author that this fails on your system:
23 error     webpack-dev-server --progress --colors --inline --hot
23 error You can get information on how to open an issue for this project with:
23 error     npm bugs myMoneyFrontend
23 error Or if that isn't available, you can get their info via:
23 error     npm owner ls myMoneyFrontend
23 error There is likely additional logging output above.
24 verbose exit [ 1, true ]
